{"/Users/shellytang/mycode/react-duncan/react-demos/redux-kanban/src/action/card-actions.js": {"path":"/Users/shellytang/mycode/react-duncan/react-demos/redux-kanban/src/action/card-actions.js","statementMap":{"0":{"start":{"line":3,"column":26},"end":{"line":6,"column":2}},"1":{"start":{"line":3,"column":37},"end":{"line":6,"column":1}},"2":{"start":{"line":8,"column":26},"end":{"line":11,"column":2}},"3":{"start":{"line":8,"column":37},"end":{"line":11,"column":1}},"4":{"start":{"line":13,"column":26},"end":{"line":16,"column":2}},"5":{"start":{"line":13,"column":37},"end":{"line":16,"column":1}},"6":{"start":{"line":18,"column":26},"end":{"line":21,"column":2}},"7":{"start":{"line":18,"column":37},"end":{"line":21,"column":1}}},"fnMap":{"0":{"name":"(anonymous_0)","decl":{"start":{"line":3,"column":26},"end":{"line":3,"column":27}},"loc":{"start":{"line":3,"column":37},"end":{"line":6,"column":1}},"line":3},"1":{"name":"(anonymous_1)","decl":{"start":{"line":8,"column":26},"end":{"line":8,"column":27}},"loc":{"start":{"line":8,"column":37},"end":{"line":11,"column":1}},"line":8},"2":{"name":"(anonymous_2)","decl":{"start":{"line":13,"column":26},"end":{"line":13,"column":27}},"loc":{"start":{"line":13,"column":37},"end":{"line":16,"column":1}},"line":13},"3":{"name":"(anonymous_3)","decl":{"start":{"line":18,"column":26},"end":{"line":18,"column":27}},"loc":{"start":{"line":18,"column":37},"end":{"line":21,"column":1}},"line":18}},"branchMap":{},"s":{"0":1,"1":0,"2":1,"3":0,"4":1,"5":0,"6":1,"7":0},"f":{"0":0,"1":0,"2":0,"3":0},"b":{},"_coverageSchema":"332fd63041d2c1bcb487cc26dd0d5f7d97098a6c","hash":"c1fb095acf3d160d70576b24aecf34d43620f291"}
,"/Users/shellytang/mycode/react-duncan/react-demos/redux-kanban/src/action/category-actions.js": {"path":"/Users/shellytang/mycode/react-duncan/react-demos/redux-kanban/src/action/category-actions.js","statementMap":{"0":{"start":{"line":8,"column":30},"end":{"line":15,"column":1}},"1":{"start":{"line":9,"column":2},"end":{"line":9,"column":22}},"2":{"start":{"line":10,"column":2},"end":{"line":10,"column":33}},"3":{"start":{"line":11,"column":2},"end":{"line":14,"column":3}},"4":{"start":{"line":17,"column":30},"end":{"line":20,"column":2}},"5":{"start":{"line":17,"column":45},"end":{"line":20,"column":1}},"6":{"start":{"line":22,"column":30},"end":{"line":25,"column":2}},"7":{"start":{"line":22,"column":45},"end":{"line":25,"column":1}},"8":{"start":{"line":27,"column":29},"end":{"line":27,"column":61}},"9":{"start":{"line":27,"column":36},"end":{"line":27,"column":60}}},"fnMap":{"0":{"name":"(anonymous_0)","decl":{"start":{"line":8,"column":30},"end":{"line":8,"column":31}},"loc":{"start":{"line":8,"column":44},"end":{"line":15,"column":1}},"line":8},"1":{"name":"(anonymous_1)","decl":{"start":{"line":17,"column":30},"end":{"line":17,"column":31}},"loc":{"start":{"line":17,"column":45},"end":{"line":20,"column":1}},"line":17},"2":{"name":"(anonymous_2)","decl":{"start":{"line":22,"column":30},"end":{"line":22,"column":31}},"loc":{"start":{"line":22,"column":45},"end":{"line":25,"column":1}},"line":22},"3":{"name":"(anonymous_3)","decl":{"start":{"line":27,"column":29},"end":{"line":27,"column":30}},"loc":{"start":{"line":27,"column":36},"end":{"line":27,"column":60}},"line":27}},"branchMap":{},"s":{"0":2,"1":2,"2":2,"3":2,"4":2,"5":1,"6":2,"7":1,"8":2,"9":0},"f":{"0":2,"1":1,"2":1,"3":0},"b":{},"_coverageSchema":"332fd63041d2c1bcb487cc26dd0d5f7d97098a6c","hash":"6700e266c9f8c201e8d5e40e97ada8cface54a82"}
,"/Users/shellytang/mycode/react-duncan/react-demos/redux-kanban/src/component/card-form/index.js": {"path":"/Users/shellytang/mycode/react-duncan/react-demos/redux-kanban/src/component/card-form/index.js","statementMap":{"0":{"start":{"line":5,"column":4},"end":{"line":5,"column":16}},"1":{"start":{"line":6,"column":4},"end":{"line":8,"column":51}},"2":{"start":{"line":10,"column":4},"end":{"line":10,"column":50}},"3":{"start":{"line":11,"column":4},"end":{"line":11,"column":50}},"4":{"start":{"line":15,"column":4},"end":{"line":16,"column":36}},"5":{"start":{"line":16,"column":6},"end":{"line":16,"column":36}},"6":{"start":{"line":17,"column":4},"end":{"line":18,"column":51}},"7":{"start":{"line":18,"column":6},"end":{"line":18,"column":51}},"8":{"start":{"line":22,"column":4},"end":{"line":22,"column":44}},"9":{"start":{"line":26,"column":4},"end":{"line":26,"column":22}},"10":{"start":{"line":27,"column":4},"end":{"line":27,"column":37}},"11":{"start":{"line":28,"column":4},"end":{"line":29,"column":34}},"12":{"start":{"line":29,"column":6},"end":{"line":29,"column":34}},"13":{"start":{"line":33,"column":4},"end":{"line":44,"column":5}}},"fnMap":{"0":{"name":"(anonymous_0)","decl":{"start":{"line":4,"column":2},"end":{"line":4,"column":3}},"loc":{"start":{"line":4,"column":20},"end":{"line":12,"column":3}},"line":4},"1":{"name":"(anonymous_1)","decl":{"start":{"line":14,"column":2},"end":{"line":14,"column":3}},"loc":{"start":{"line":14,"column":34},"end":{"line":19,"column":3}},"line":14},"2":{"name":"(anonymous_2)","decl":{"start":{"line":21,"column":2},"end":{"line":21,"column":3}},"loc":{"start":{"line":21,"column":17},"end":{"line":23,"column":3}},"line":21},"3":{"name":"(anonymous_3)","decl":{"start":{"line":25,"column":2},"end":{"line":25,"column":3}},"loc":{"start":{"line":25,"column":17},"end":{"line":30,"column":3}},"line":25},"4":{"name":"(anonymous_4)","decl":{"start":{"line":32,"column":2},"end":{"line":32,"column":3}},"loc":{"start":{"line":32,"column":10},"end":{"line":45,"column":3}},"line":32}},"branchMap":{"0":{"loc":{"start":{"line":6,"column":17},"end":{"line":8,"column":51}},"type":"cond-expr","locations":[{"start":{"line":7,"column":8},"end":{"line":7,"column":23}},{"start":{"line":8,"column":8},"end":{"line":8,"column":51}}],"line":6},"1":{"loc":{"start":{"line":15,"column":4},"end":{"line":16,"column":36}},"type":"if","locations":[{"start":{"line":15,"column":4},"end":{"line":16,"column":36}},{"start":{"line":15,"column":4},"end":{"line":16,"column":36}}],"line":15},"2":{"loc":{"start":{"line":17,"column":4},"end":{"line":18,"column":51}},"type":"if","locations":[{"start":{"line":17,"column":4},"end":{"line":18,"column":51}},{"start":{"line":17,"column":4},"end":{"line":18,"column":51}}],"line":17},"3":{"loc":{"start":{"line":28,"column":4},"end":{"line":29,"column":34}},"type":"if","locations":[{"start":{"line":28,"column":4},"end":{"line":29,"column":34}},{"start":{"line":28,"column":4},"end":{"line":29,"column":34}}],"line":28}},"s":{"0":0,"1":0,"2":0,"3":0,"4":0,"5":0,"6":0,"7":0,"8":0,"9":0,"10":0,"11":0,"12":0,"13":0},"f":{"0":0,"1":0,"2":0,"3":0,"4":0},"b":{"0":[0,0],"1":[0,0],"2":[0,0],"3":[0,0]},"_coverageSchema":"332fd63041d2c1bcb487cc26dd0d5f7d97098a6c","hash":"3072af31ba14220085b39e9a7592e725c0894160"}
,"/Users/shellytang/mycode/react-duncan/react-demos/redux-kanban/src/component/card-item/index.js": {"path":"/Users/shellytang/mycode/react-duncan/react-demos/redux-kanban/src/component/card-item/index.js","statementMap":{"0":{"start":{"line":11,"column":4},"end":{"line":11,"column":16}},"1":{"start":{"line":12,"column":4},"end":{"line":14,"column":5}},"2":{"start":{"line":15,"column":4},"end":{"line":15,"column":60}},"3":{"start":{"line":19,"column":4},"end":{"line":19,"column":31}},"4":{"start":{"line":20,"column":4},"end":{"line":20,"column":35}},"5":{"start":{"line":24,"column":41},"end":{"line":24,"column":51}},"6":{"start":{"line":25,"column":4},"end":{"line":47,"column":5}},"7":{"start":{"line":29,"column":38},"end":{"line":29,"column":68}},"8":{"start":{"line":31,"column":38},"end":{"line":31,"column":54}},"9":{"start":{"line":42,"column":37},"end":{"line":42,"column":68}},"10":{"start":{"line":51,"column":22},"end":{"line":51,"column":32}},"11":{"start":{"line":51,"column":29},"end":{"line":51,"column":31}},"12":{"start":{"line":52,"column":25},"end":{"line":55,"column":2}},"13":{"start":{"line":52,"column":40},"end":{"line":55,"column":1}},"14":{"start":{"line":53,"column":24},"end":{"line":53,"column":50}},"15":{"start":{"line":54,"column":24},"end":{"line":54,"column":50}}},"fnMap":{"0":{"name":"(anonymous_0)","decl":{"start":{"line":10,"column":2},"end":{"line":10,"column":3}},"loc":{"start":{"line":10,"column":21},"end":{"line":16,"column":3}},"line":10},"1":{"name":"(anonymous_1)","decl":{"start":{"line":18,"column":2},"end":{"line":18,"column":3}},"loc":{"start":{"line":18,"column":25},"end":{"line":21,"column":3}},"line":18},"2":{"name":"(anonymous_2)","decl":{"start":{"line":23,"column":2},"end":{"line":23,"column":3}},"loc":{"start":{"line":23,"column":11},"end":{"line":48,"column":3}},"line":23},"3":{"name":"(anonymous_3)","decl":{"start":{"line":29,"column":32},"end":{"line":29,"column":33}},"loc":{"start":{"line":29,"column":38},"end":{"line":29,"column":68}},"line":29},"4":{"name":"(anonymous_4)","decl":{"start":{"line":31,"column":32},"end":{"line":31,"column":33}},"loc":{"start":{"line":31,"column":38},"end":{"line":31,"column":54}},"line":31},"5":{"name":"(anonymous_5)","decl":{"start":{"line":42,"column":31},"end":{"line":42,"column":32}},"loc":{"start":{"line":42,"column":37},"end":{"line":42,"column":68}},"line":42},"6":{"name":"(anonymous_6)","decl":{"start":{"line":51,"column":22},"end":{"line":51,"column":23}},"loc":{"start":{"line":51,"column":29},"end":{"line":51,"column":31}},"line":51},"7":{"name":"(anonymous_7)","decl":{"start":{"line":52,"column":25},"end":{"line":52,"column":26}},"loc":{"start":{"line":52,"column":40},"end":{"line":55,"column":1}},"line":52},"8":{"name":"(anonymous_8)","decl":{"start":{"line":53,"column":14},"end":{"line":53,"column":15}},"loc":{"start":{"line":53,"column":24},"end":{"line":53,"column":50}},"line":53},"9":{"name":"(anonymous_9)","decl":{"start":{"line":54,"column":14},"end":{"line":54,"column":15}},"loc":{"start":{"line":54,"column":24},"end":{"line":54,"column":50}},"line":54}},"branchMap":{},"s":{"0":0,"1":0,"2":0,"3":0,"4":0,"5":0,"6":0,"7":0,"8":0,"9":0,"10":1,"11":0,"12":1,"13":0,"14":0,"15":0},"f":{"0":0,"1":0,"2":0,"3":0,"4":0,"5":0,"6":0,"7":0,"8":0,"9":0},"b":{},"_coverageSchema":"332fd63041d2c1bcb487cc26dd0d5f7d97098a6c","hash":"f7526473138169f36b4b20fe816ae348ee993e67"}
,"/Users/shellytang/mycode/react-duncan/react-demos/redux-kanban/src/component/category-form/index.js": {"path":"/Users/shellytang/mycode/react-duncan/react-demos/redux-kanban/src/component/category-form/index.js","statementMap":{"0":{"start":{"line":5,"column":4},"end":{"line":5,"column":16}},"1":{"start":{"line":6,"column":4},"end":{"line":6,"column":68}},"2":{"start":{"line":8,"column":4},"end":{"line":8,"column":52}},"3":{"start":{"line":9,"column":4},"end":{"line":9,"column":52}},"4":{"start":{"line":13,"column":4},"end":{"line":15,"column":5}},"5":{"start":{"line":14,"column":6},"end":{"line":14,"column":35}},"6":{"start":{"line":19,"column":4},"end":{"line":19,"column":42}},"7":{"start":{"line":23,"column":4},"end":{"line":23,"column":22}},"8":{"start":{"line":24,"column":4},"end":{"line":24,"column":42}},"9":{"start":{"line":27,"column":4},"end":{"line":29,"column":5}},"10":{"start":{"line":28,"column":6},"end":{"line":28,"column":32}},"11":{"start":{"line":33,"column":4},"end":{"line":45,"column":5}}},"fnMap":{"0":{"name":"(anonymous_0)","decl":{"start":{"line":4,"column":2},"end":{"line":4,"column":3}},"loc":{"start":{"line":4,"column":20},"end":{"line":10,"column":3}},"line":4},"1":{"name":"(anonymous_1)","decl":{"start":{"line":12,"column":2},"end":{"line":12,"column":3}},"loc":{"start":{"line":12,"column":35},"end":{"line":16,"column":3}},"line":12},"2":{"name":"(anonymous_2)","decl":{"start":{"line":18,"column":2},"end":{"line":18,"column":3}},"loc":{"start":{"line":18,"column":17},"end":{"line":20,"column":3}},"line":18},"3":{"name":"(anonymous_3)","decl":{"start":{"line":22,"column":2},"end":{"line":22,"column":3}},"loc":{"start":{"line":22,"column":17},"end":{"line":30,"column":3}},"line":22},"4":{"name":"(anonymous_4)","decl":{"start":{"line":32,"column":2},"end":{"line":32,"column":3}},"loc":{"start":{"line":32,"column":10},"end":{"line":46,"column":3}},"line":32}},"branchMap":{"0":{"loc":{"start":{"line":6,"column":17},"end":{"line":6,"column":68}},"type":"cond-expr","locations":[{"start":{"line":6,"column":34},"end":{"line":6,"column":53}},{"start":{"line":6,"column":56},"end":{"line":6,"column":68}}],"line":6},"1":{"loc":{"start":{"line":13,"column":4},"end":{"line":15,"column":5}},"type":"if","locations":[{"start":{"line":13,"column":4},"end":{"line":15,"column":5}},{"start":{"line":13,"column":4},"end":{"line":15,"column":5}}],"line":13},"2":{"loc":{"start":{"line":27,"column":4},"end":{"line":29,"column":5}},"type":"if","locations":[{"start":{"line":27,"column":4},"end":{"line":29,"column":5}},{"start":{"line":27,"column":4},"end":{"line":29,"column":5}}],"line":27}},"s":{"0":2,"1":2,"2":2,"3":2,"4":0,"5":0,"6":1,"7":1,"8":1,"9":1,"10":1,"11":5},"f":{"0":2,"1":0,"2":1,"3":1,"4":5},"b":{"0":[0,2],"1":[0,0],"2":[1,0]},"_coverageSchema":"332fd63041d2c1bcb487cc26dd0d5f7d97098a6c","hash":"bd40b35586c130df410db943e68317664f53a93c"}
,"/Users/shellytang/mycode/react-duncan/react-demos/redux-kanban/src/component/category-item/index.js": {"path":"/Users/shellytang/mycode/react-duncan/react-demos/redux-kanban/src/component/category-item/index.js","statementMap":{"0":{"start":{"line":19,"column":4},"end":{"line":19,"column":16}},"1":{"start":{"line":20,"column":4},"end":{"line":20,"column":72}},"2":{"start":{"line":24,"column":4},"end":{"line":25,"column":31}},"3":{"start":{"line":25,"column":6},"end":{"line":25,"column":31}},"4":{"start":{"line":27,"column":4},"end":{"line":27,"column":31}},"5":{"start":{"line":29,"column":4},"end":{"line":29,"column":44}},"6":{"start":{"line":31,"column":4},"end":{"line":31,"column":31}},"7":{"start":{"line":35,"column":60},"end":{"line":35,"column":70}},"8":{"start":{"line":36,"column":4},"end":{"line":36,"column":31}},"9":{"start":{"line":37,"column":4},"end":{"line":68,"column":5}},"10":{"start":{"line":43,"column":37},"end":{"line":43,"column":61}},"11":{"start":{"line":61,"column":16},"end":{"line":61,"column":54}},"12":{"start":{"line":72,"column":22},"end":{"line":74,"column":2}},"13":{"start":{"line":72,"column":41},"end":{"line":74,"column":1}},"14":{"start":{"line":75,"column":25},"end":{"line":81,"column":2}},"15":{"start":{"line":75,"column":38},"end":{"line":81,"column":1}},"16":{"start":{"line":76,"column":32},"end":{"line":76,"column":66}},"17":{"start":{"line":77,"column":32},"end":{"line":77,"column":66}},"18":{"start":{"line":78,"column":24},"end":{"line":78,"column":50}},"19":{"start":{"line":79,"column":24},"end":{"line":79,"column":50}},"20":{"start":{"line":80,"column":24},"end":{"line":80,"column":50}}},"fnMap":{"0":{"name":"(anonymous_0)","decl":{"start":{"line":18,"column":2},"end":{"line":18,"column":3}},"loc":{"start":{"line":18,"column":21},"end":{"line":21,"column":3}},"line":18},"1":{"name":"(anonymous_1)","decl":{"start":{"line":23,"column":2},"end":{"line":23,"column":3}},"loc":{"start":{"line":23,"column":36},"end":{"line":32,"column":3}},"line":23},"2":{"name":"(anonymous_2)","decl":{"start":{"line":34,"column":2},"end":{"line":34,"column":3}},"loc":{"start":{"line":34,"column":11},"end":{"line":69,"column":3}},"line":34},"3":{"name":"(anonymous_3)","decl":{"start":{"line":43,"column":31},"end":{"line":43,"column":32}},"loc":{"start":{"line":43,"column":37},"end":{"line":43,"column":61}},"line":43},"4":{"name":"(anonymous_4)","decl":{"start":{"line":60,"column":25},"end":{"line":60,"column":26}},"loc":{"start":{"line":61,"column":16},"end":{"line":61,"column":54}},"line":61},"5":{"name":"(anonymous_5)","decl":{"start":{"line":72,"column":22},"end":{"line":72,"column":23}},"loc":{"start":{"line":72,"column":41},"end":{"line":74,"column":1}},"line":72},"6":{"name":"(anonymous_6)","decl":{"start":{"line":75,"column":25},"end":{"line":75,"column":26}},"loc":{"start":{"line":75,"column":38},"end":{"line":81,"column":1}},"line":75},"7":{"name":"(anonymous_7)","decl":{"start":{"line":76,"column":18},"end":{"line":76,"column":19}},"loc":{"start":{"line":76,"column":32},"end":{"line":76,"column":66}},"line":76},"8":{"name":"(anonymous_8)","decl":{"start":{"line":77,"column":18},"end":{"line":77,"column":19}},"loc":{"start":{"line":77,"column":32},"end":{"line":77,"column":66}},"line":77},"9":{"name":"(anonymous_9)","decl":{"start":{"line":78,"column":14},"end":{"line":78,"column":15}},"loc":{"start":{"line":78,"column":24},"end":{"line":78,"column":50}},"line":78},"10":{"name":"(anonymous_10)","decl":{"start":{"line":79,"column":14},"end":{"line":79,"column":15}},"loc":{"start":{"line":79,"column":24},"end":{"line":79,"column":50}},"line":79},"11":{"name":"(anonymous_11)","decl":{"start":{"line":80,"column":14},"end":{"line":80,"column":15}},"loc":{"start":{"line":80,"column":24},"end":{"line":80,"column":50}},"line":80}},"branchMap":{"0":{"loc":{"start":{"line":24,"column":4},"end":{"line":25,"column":31}},"type":"if","locations":[{"start":{"line":24,"column":4},"end":{"line":25,"column":31}},{"start":{"line":24,"column":4},"end":{"line":25,"column":31}}],"line":24}},"s":{"0":0,"1":0,"2":0,"3":0,"4":0,"5":0,"6":0,"7":0,"8":0,"9":0,"10":0,"11":0,"12":1,"13":0,"14":1,"15":0,"16":0,"17":0,"18":0,"19":0,"20":0},"f":{"0":0,"1":0,"2":0,"3":0,"4":0,"5":0,"6":0,"7":0,"8":0,"9":0,"10":0,"11":0},"b":{"0":[0,0]},"_coverageSchema":"332fd63041d2c1bcb487cc26dd0d5f7d97098a6c","hash":"b00539fbd6ff75782e79fd72dff484ebdf42737f"}
,"/Users/shellytang/mycode/react-duncan/react-demos/redux-kanban/src/component/dashboard-container/index.js": {"path":"/Users/shellytang/mycode/react-duncan/react-demos/redux-kanban/src/component/dashboard-container/index.js","statementMap":{"0":{"start":{"line":18,"column":4},"end":{"line":18,"column":47}},"1":{"start":{"line":19,"column":4},"end":{"line":19,"column":53}},"2":{"start":{"line":20,"column":4},"end":{"line":20,"column":48}},"3":{"start":{"line":21,"column":4},"end":{"line":21,"column":46}},"4":{"start":{"line":25,"column":4},"end":{"line":37,"column":5}},"5":{"start":{"line":34,"column":10},"end":{"line":34,"column":56}},"6":{"start":{"line":42,"column":24},"end":{"line":46,"column":1}},"7":{"start":{"line":43,"column":2},"end":{"line":45,"column":3}},"8":{"start":{"line":48,"column":27},"end":{"line":52,"column":1}},"9":{"start":{"line":49,"column":2},"end":{"line":51,"column":3}},"10":{"start":{"line":50,"column":34},"end":{"line":50,"column":74}}},"fnMap":{"0":{"name":"(anonymous_0)","decl":{"start":{"line":17,"column":2},"end":{"line":17,"column":3}},"loc":{"start":{"line":17,"column":21},"end":{"line":22,"column":3}},"line":17},"1":{"name":"(anonymous_1)","decl":{"start":{"line":24,"column":2},"end":{"line":24,"column":3}},"loc":{"start":{"line":24,"column":10},"end":{"line":38,"column":3}},"line":24},"2":{"name":"(anonymous_2)","decl":{"start":{"line":33,"column":35},"end":{"line":33,"column":36}},"loc":{"start":{"line":34,"column":10},"end":{"line":34,"column":56}},"line":34},"3":{"name":"(anonymous_3)","decl":{"start":{"line":42,"column":24},"end":{"line":42,"column":25}},"loc":{"start":{"line":42,"column":35},"end":{"line":46,"column":1}},"line":42},"4":{"name":"(anonymous_4)","decl":{"start":{"line":48,"column":27},"end":{"line":48,"column":28}},"loc":{"start":{"line":48,"column":51},"end":{"line":52,"column":1}},"line":48},"5":{"name":"(anonymous_5)","decl":{"start":{"line":50,"column":20},"end":{"line":50,"column":21}},"loc":{"start":{"line":50,"column":34},"end":{"line":50,"column":74}},"line":50}},"branchMap":{},"s":{"0":0,"1":0,"2":0,"3":0,"4":0,"5":0,"6":1,"7":2,"8":1,"9":2,"10":1},"f":{"0":0,"1":0,"2":0,"3":2,"4":2,"5":1},"b":{},"_coverageSchema":"332fd63041d2c1bcb487cc26dd0d5f7d97098a6c","hash":"6c210491bdfa7753875ee44aa368eb12deb03c3e"}
,"/Users/shellytang/mycode/react-duncan/react-demos/redux-kanban/src/component/draggable/index.js": {"path":"/Users/shellytang/mycode/react-duncan/react-demos/redux-kanban/src/component/draggable/index.js","statementMap":{"0":{"start":{"line":9,"column":4},"end":{"line":9,"column":16}},"1":{"start":{"line":10,"column":4},"end":{"line":10,"column":58}},"2":{"start":{"line":14,"column":19},"end":{"line":14,"column":62}},"3":{"start":{"line":15,"column":4},"end":{"line":15,"column":56}},"4":{"start":{"line":18,"column":4},"end":{"line":25,"column":5}}},"fnMap":{"0":{"name":"(anonymous_0)","decl":{"start":{"line":8,"column":2},"end":{"line":8,"column":3}},"loc":{"start":{"line":8,"column":21},"end":{"line":11,"column":3}},"line":8},"1":{"name":"(anonymous_1)","decl":{"start":{"line":13,"column":2},"end":{"line":13,"column":3}},"loc":{"start":{"line":13,"column":21},"end":{"line":16,"column":3}},"line":13},"2":{"name":"(anonymous_2)","decl":{"start":{"line":17,"column":2},"end":{"line":17,"column":3}},"loc":{"start":{"line":17,"column":11},"end":{"line":26,"column":3}},"line":17}},"branchMap":{},"s":{"0":0,"1":0,"2":0,"3":0,"4":0},"f":{"0":0,"1":0,"2":0},"b":{},"_coverageSchema":"332fd63041d2c1bcb487cc26dd0d5f7d97098a6c","hash":"d26afe346655e29f6c59508367c8c9a9cb316305"}
,"/Users/shellytang/mycode/react-duncan/react-demos/redux-kanban/src/component/dropzone/index.js": {"path":"/Users/shellytang/mycode/react-duncan/react-demos/redux-kanban/src/component/dropzone/index.js","statementMap":{"0":{"start":{"line":8,"column":4},"end":{"line":8,"column":16}},"1":{"start":{"line":9,"column":4},"end":{"line":11,"column":5}},"2":{"start":{"line":12,"column":4},"end":{"line":12,"column":56}},"3":{"start":{"line":13,"column":4},"end":{"line":13,"column":48}},"4":{"start":{"line":14,"column":4},"end":{"line":14,"column":58}},"5":{"start":{"line":15,"column":4},"end":{"line":15,"column":58}},"6":{"start":{"line":19,"column":4},"end":{"line":19,"column":36}},"7":{"start":{"line":23,"column":4},"end":{"line":23,"column":37}},"8":{"start":{"line":27,"column":4},"end":{"line":27,"column":22}},"9":{"start":{"line":31,"column":4},"end":{"line":31,"column":22}},"10":{"start":{"line":32,"column":4},"end":{"line":37,"column":5}},"11":{"start":{"line":33,"column":17},"end":{"line":33,"column":71}},"12":{"start":{"line":34,"column":6},"end":{"line":34,"column":39}},"13":{"start":{"line":36,"column":6},"end":{"line":36,"column":34}},"14":{"start":{"line":38,"column":4},"end":{"line":38,"column":37}},"15":{"start":{"line":42,"column":20},"end":{"line":45,"column":6}},"16":{"start":{"line":46,"column":4},"end":{"line":56,"column":5}}},"fnMap":{"0":{"name":"(anonymous_0)","decl":{"start":{"line":7,"column":2},"end":{"line":7,"column":3}},"loc":{"start":{"line":7,"column":21},"end":{"line":16,"column":3}},"line":7},"1":{"name":"(anonymous_1)","decl":{"start":{"line":18,"column":2},"end":{"line":18,"column":3}},"loc":{"start":{"line":18,"column":21},"end":{"line":20,"column":3}},"line":18},"2":{"name":"(anonymous_2)","decl":{"start":{"line":22,"column":2},"end":{"line":22,"column":3}},"loc":{"start":{"line":22,"column":21},"end":{"line":24,"column":3}},"line":22},"3":{"name":"(anonymous_3)","decl":{"start":{"line":26,"column":2},"end":{"line":26,"column":3}},"loc":{"start":{"line":26,"column":20},"end":{"line":28,"column":3}},"line":26},"4":{"name":"(anonymous_4)","decl":{"start":{"line":30,"column":2},"end":{"line":30,"column":3}},"loc":{"start":{"line":30,"column":16},"end":{"line":39,"column":3}},"line":30},"5":{"name":"(anonymous_5)","decl":{"start":{"line":41,"column":2},"end":{"line":41,"column":3}},"loc":{"start":{"line":41,"column":11},"end":{"line":57,"column":3}},"line":41}},"branchMap":{},"s":{"0":0,"1":0,"2":0,"3":0,"4":0,"5":0,"6":0,"7":0,"8":0,"9":0,"10":0,"11":0,"12":0,"13":0,"14":0,"15":0,"16":0},"f":{"0":0,"1":0,"2":0,"3":0,"4":0,"5":0},"b":{},"_coverageSchema":"332fd63041d2c1bcb487cc26dd0d5f7d97098a6c","hash":"d91a7730d308f9612cf5d7a16dda43f88c5ead77"}
,"/Users/shellytang/mycode/react-duncan/react-demos/redux-kanban/src/lib/redux-reporter.js": {"path":"/Users/shellytang/mycode/react-duncan/react-demos/redux-kanban/src/lib/redux-reporter.js","statementMap":{"0":{"start":{"line":3,"column":15},"end":{"line":15,"column":1}},"1":{"start":{"line":3,"column":24},"end":{"line":15,"column":1}},"2":{"start":{"line":3,"column":32},"end":{"line":15,"column":1}},"3":{"start":{"line":4,"column":2},"end":{"line":4,"column":27}},"4":{"start":{"line":6,"column":2},"end":{"line":14,"column":3}},"5":{"start":{"line":7,"column":17},"end":{"line":7,"column":29}},"6":{"start":{"line":8,"column":4},"end":{"line":8,"column":38}},"7":{"start":{"line":9,"column":4},"end":{"line":9,"column":17}},"8":{"start":{"line":11,"column":4},"end":{"line":11,"column":25}},"9":{"start":{"line":12,"column":4},"end":{"line":12,"column":34}},"10":{"start":{"line":13,"column":4},"end":{"line":13,"column":16}}},"fnMap":{"0":{"name":"(anonymous_0)","decl":{"start":{"line":3,"column":15},"end":{"line":3,"column":16}},"loc":{"start":{"line":3,"column":24},"end":{"line":15,"column":1}},"line":3},"1":{"name":"(anonymous_1)","decl":{"start":{"line":3,"column":24},"end":{"line":3,"column":25}},"loc":{"start":{"line":3,"column":32},"end":{"line":15,"column":1}},"line":3},"2":{"name":"(anonymous_2)","decl":{"start":{"line":3,"column":32},"end":{"line":3,"column":33}},"loc":{"start":{"line":3,"column":42},"end":{"line":15,"column":1}},"line":3}},"branchMap":{},"s":{"0":2,"1":4,"2":4,"3":4,"4":4,"5":4,"6":3,"7":3,"8":1,"9":1,"10":1},"f":{"0":4,"1":4,"2":4},"b":{},"_coverageSchema":"332fd63041d2c1bcb487cc26dd0d5f7d97098a6c","hash":"d90a2b62cad61aad92816336b862ac3e61bc9e30"}
,"/Users/shellytang/mycode/react-duncan/react-demos/redux-kanban/src/lib/store.js": {"path":"/Users/shellytang/mycode/react-duncan/react-demos/redux-kanban/src/lib/store.js","statementMap":{"0":{"start":{"line":6,"column":21},"end":{"line":6,"column":68}}},"fnMap":{"0":{"name":"(anonymous_0)","decl":{"start":{"line":6,"column":15},"end":{"line":6,"column":16}},"loc":{"start":{"line":6,"column":21},"end":{"line":6,"column":68}},"line":6}},"branchMap":{},"s":{"0":2},"f":{"0":2},"b":{},"_coverageSchema":"332fd63041d2c1bcb487cc26dd0d5f7d97098a6c","hash":"e3a1da2198c67e1b1547f96b6362debe2d722519"}
,"/Users/shellytang/mycode/react-duncan/react-demos/redux-kanban/src/lib/util.js": {"path":"/Users/shellytang/mycode/react-duncan/react-demos/redux-kanban/src/lib/util.js","statementMap":{"0":{"start":{"line":1,"column":24},"end":{"line":2,"column":30}},"1":{"start":{"line":2,"column":2},"end":{"line":2,"column":30}},"2":{"start":{"line":4,"column":28},"end":{"line":5,"column":58}},"3":{"start":{"line":5,"column":2},"end":{"line":5,"column":58}},"4":{"start":{"line":5,"column":36},"end":{"line":5,"column":47}},"5":{"start":{"line":7,"column":19},"end":{"line":8,"column":46}},"6":{"start":{"line":8,"column":2},"end":{"line":8,"column":46}},"7":{"start":{"line":10,"column":24},"end":{"line":11,"column":48}},"8":{"start":{"line":11,"column":2},"end":{"line":11,"column":48}}},"fnMap":{"0":{"name":"(anonymous_0)","decl":{"start":{"line":1,"column":24},"end":{"line":1,"column":25}},"loc":{"start":{"line":2,"column":2},"end":{"line":2,"column":30}},"line":2},"1":{"name":"(anonymous_1)","decl":{"start":{"line":4,"column":28},"end":{"line":4,"column":29}},"loc":{"start":{"line":5,"column":2},"end":{"line":5,"column":58}},"line":5},"2":{"name":"(anonymous_2)","decl":{"start":{"line":5,"column":29},"end":{"line":5,"column":30}},"loc":{"start":{"line":5,"column":36},"end":{"line":5,"column":47}},"line":5},"3":{"name":"(anonymous_3)","decl":{"start":{"line":7,"column":19},"end":{"line":7,"column":20}},"loc":{"start":{"line":8,"column":2},"end":{"line":8,"column":46}},"line":8},"4":{"name":"(anonymous_4)","decl":{"start":{"line":10,"column":24},"end":{"line":10,"column":25}},"loc":{"start":{"line":11,"column":2},"end":{"line":11,"column":48}},"line":11}},"branchMap":{"0":{"loc":{"start":{"line":2,"column":2},"end":{"line":2,"column":30}},"type":"cond-expr","locations":[{"start":{"line":2,"column":9},"end":{"line":2,"column":18}},{"start":{"line":2,"column":21},"end":{"line":2,"column":30}}],"line":2},"1":{"loc":{"start":{"line":8,"column":2},"end":{"line":8,"column":46}},"type":"cond-expr","locations":[{"start":{"line":8,"column":14},"end":{"line":8,"column":34}},{"start":{"line":8,"column":37},"end":{"line":8,"column":46}}],"line":8},"2":{"loc":{"start":{"line":11,"column":2},"end":{"line":11,"column":48}},"type":"cond-expr","locations":[{"start":{"line":11,"column":14},"end":{"line":11,"column":36}},{"start":{"line":11,"column":39},"end":{"line":11,"column":48}}],"line":11}},"s":{"0":3,"1":0,"2":3,"3":0,"4":0,"5":3,"6":9,"7":3,"8":1},"f":{"0":0,"1":0,"2":0,"3":9,"4":1},"b":{"0":[0,0],"1":[1,8],"2":[0,1]},"_coverageSchema":"332fd63041d2c1bcb487cc26dd0d5f7d97098a6c","hash":"57d73203be78f983645ebc414f73a9d3c637deba"}
,"/Users/shellytang/mycode/react-duncan/react-demos/redux-kanban/src/reducer/cards.js": {"path":"/Users/shellytang/mycode/react-duncan/react-demos/redux-kanban/src/reducer/cards.js","statementMap":{"0":{"start":{"line":1,"column":23},"end":{"line":5,"column":1}},"1":{"start":{"line":2,"column":2},"end":{"line":4,"column":3}},"2":{"start":{"line":3,"column":4},"end":{"line":3,"column":75}},"3":{"start":{"line":7,"column":19},"end":{"line":11,"column":1}},"4":{"start":{"line":8,"column":2},"end":{"line":10,"column":3}},"5":{"start":{"line":9,"column":4},"end":{"line":9,"column":84}},"6":{"start":{"line":15,"column":18},"end":{"line":15,"column":20}},"7":{"start":{"line":18,"column":24},"end":{"line":18,"column":30}},"8":{"start":{"line":20,"column":2},"end":{"line":55,"column":3}},"9":{"start":{"line":23,"column":4},"end":{"line":23,"column":29}},"10":{"start":{"line":24,"column":4},"end":{"line":24,"column":39}},"11":{"start":{"line":27,"column":4},"end":{"line":27,"column":29}},"12":{"start":{"line":28,"column":4},"end":{"line":28,"column":46}},"13":{"start":{"line":31,"column":4},"end":{"line":31,"column":25}},"14":{"start":{"line":32,"column":4},"end":{"line":32,"column":35}},"15":{"start":{"line":33,"column":4},"end":{"line":33,"column":42}},"16":{"start":{"line":34,"column":4},"end":{"line":34,"column":64}},"17":{"start":{"line":37,"column":4},"end":{"line":37,"column":25}},"18":{"start":{"line":38,"column":4},"end":{"line":38,"column":35}},"19":{"start":{"line":39,"column":4},"end":{"line":39,"column":37}},"20":{"start":{"line":40,"column":4},"end":{"line":42,"column":49}},"21":{"start":{"line":42,"column":8},"end":{"line":42,"column":47}},"22":{"start":{"line":45,"column":4},"end":{"line":45,"column":25}},"23":{"start":{"line":46,"column":4},"end":{"line":46,"column":35}},"24":{"start":{"line":47,"column":4},"end":{"line":47,"column":37}},"25":{"start":{"line":48,"column":4},"end":{"line":51,"column":5}},"26":{"start":{"line":50,"column":8},"end":{"line":50,"column":30}},"27":{"start":{"line":54,"column":4},"end":{"line":54,"column":16}}},"fnMap":{"0":{"name":"(anonymous_0)","decl":{"start":{"line":1,"column":23},"end":{"line":1,"column":24}},"loc":{"start":{"line":1,"column":36},"end":{"line":5,"column":1}},"line":1},"1":{"name":"(anonymous_1)","decl":{"start":{"line":7,"column":19},"end":{"line":7,"column":20}},"loc":{"start":{"line":7,"column":29},"end":{"line":11,"column":1}},"line":7},"2":{"name":"(anonymous_2)","decl":{"start":{"line":17,"column":14},"end":{"line":17,"column":15}},"loc":{"start":{"line":17,"column":45},"end":{"line":56,"column":1}},"line":17},"3":{"name":"(anonymous_3)","decl":{"start":{"line":41,"column":38},"end":{"line":41,"column":39}},"loc":{"start":{"line":42,"column":8},"end":{"line":42,"column":47}},"line":42},"4":{"name":"(anonymous_4)","decl":{"start":{"line":49,"column":41},"end":{"line":49,"column":42}},"loc":{"start":{"line":50,"column":8},"end":{"line":50,"column":30}},"line":50}},"branchMap":{"0":{"loc":{"start":{"line":2,"column":2},"end":{"line":4,"column":3}},"type":"if","locations":[{"start":{"line":2,"column":2},"end":{"line":4,"column":3}},{"start":{"line":2,"column":2},"end":{"line":4,"column":3}}],"line":2},"1":{"loc":{"start":{"line":2,"column":5},"end":{"line":2,"column":56}},"type":"binary-expr","locations":[{"start":{"line":2,"column":5},"end":{"line":2,"column":16}},{"start":{"line":2,"column":20},"end":{"line":2,"column":34}},{"start":{"line":2,"column":38},"end":{"line":2,"column":56}}],"line":2},"2":{"loc":{"start":{"line":8,"column":2},"end":{"line":10,"column":3}},"type":"if","locations":[{"start":{"line":8,"column":2},"end":{"line":10,"column":3}},{"start":{"line":8,"column":2},"end":{"line":10,"column":3}}],"line":8},"3":{"loc":{"start":{"line":8,"column":5},"end":{"line":8,"column":50}},"type":"binary-expr","locations":[{"start":{"line":8,"column":5},"end":{"line":8,"column":13}},{"start":{"line":8,"column":17},"end":{"line":8,"column":30}},{"start":{"line":8,"column":34},"end":{"line":8,"column":50}}],"line":8},"4":{"loc":{"start":{"line":17,"column":15},"end":{"line":17,"column":32}},"type":"default-arg","locations":[{"start":{"line":17,"column":21},"end":{"line":17,"column":32}}],"line":17},"5":{"loc":{"start":{"line":20,"column":2},"end":{"line":55,"column":3}},"type":"switch","locations":[{"start":{"line":22,"column":2},"end":{"line":24,"column":39}},{"start":{"line":26,"column":2},"end":{"line":28,"column":46}},{"start":{"line":30,"column":2},"end":{"line":34,"column":64}},{"start":{"line":36,"column":2},"end":{"line":42,"column":49}},{"start":{"line":44,"column":2},"end":{"line":51,"column":5}},{"start":{"line":53,"column":2},"end":{"line":54,"column":16}}],"line":20},"6":{"loc":{"start":{"line":42,"column":8},"end":{"line":42,"column":47}},"type":"cond-expr","locations":[{"start":{"line":42,"column":33},"end":{"line":42,"column":40}},{"start":{"line":42,"column":43},"end":{"line":42,"column":47}}],"line":42}},"s":{"0":1,"1":1,"2":0,"3":1,"4":0,"5":0,"6":1,"7":5,"8":5,"9":1,"10":1,"11":0,"12":0,"13":0,"14":0,"15":0,"16":0,"17":0,"18":0,"19":0,"20":0,"21":0,"22":0,"23":0,"24":0,"25":0,"26":0,"27":4},"f":{"0":1,"1":0,"2":5,"3":0,"4":0},"b":{"0":[0,1],"1":[1,1,1],"2":[0,0],"3":[0,0,0],"4":[4],"5":[1,0,0,0,0,4],"6":[0,0]},"_coverageSchema":"332fd63041d2c1bcb487cc26dd0d5f7d97098a6c","hash":"b8ee8aa3c70694c070a44e34f3ad04b08138ad87"}
,"/Users/shellytang/mycode/react-duncan/react-demos/redux-kanban/src/reducer/category.js": {"path":"/Users/shellytang/mycode/react-duncan/react-demos/redux-kanban/src/reducer/category.js","statementMap":{"0":{"start":{"line":3,"column":23},"end":{"line":7,"column":1}},"1":{"start":{"line":4,"column":2},"end":{"line":6,"column":3}},"2":{"start":{"line":5,"column":4},"end":{"line":5,"column":84}},"3":{"start":{"line":9,"column":18},"end":{"line":9,"column":20}},"4":{"start":{"line":11,"column":24},"end":{"line":11,"column":30}},"5":{"start":{"line":12,"column":2},"end":{"line":27,"column":3}},"6":{"start":{"line":14,"column":6},"end":{"line":14,"column":31}},"7":{"start":{"line":15,"column":6},"end":{"line":15,"column":32}},"8":{"start":{"line":17,"column":6},"end":{"line":17,"column":31}},"9":{"start":{"line":18,"column":6},"end":{"line":19,"column":55}},"10":{"start":{"line":19,"column":8},"end":{"line":19,"column":54}},"11":{"start":{"line":21,"column":6},"end":{"line":21,"column":31}},"12":{"start":{"line":22,"column":6},"end":{"line":22,"column":65}},"13":{"start":{"line":22,"column":38},"end":{"line":22,"column":64}},"14":{"start":{"line":24,"column":6},"end":{"line":24,"column":24}},"15":{"start":{"line":26,"column":6},"end":{"line":26,"column":18}}},"fnMap":{"0":{"name":"(anonymous_0)","decl":{"start":{"line":3,"column":23},"end":{"line":3,"column":24}},"loc":{"start":{"line":3,"column":36},"end":{"line":7,"column":1}},"line":3},"1":{"name":"(anonymous_1)","decl":{"start":{"line":10,"column":15},"end":{"line":10,"column":16}},"loc":{"start":{"line":10,"column":46},"end":{"line":28,"column":1}},"line":10},"2":{"name":"(anonymous_2)","decl":{"start":{"line":18,"column":23},"end":{"line":18,"column":24}},"loc":{"start":{"line":19,"column":8},"end":{"line":19,"column":54}},"line":19},"3":{"name":"(anonymous_3)","decl":{"start":{"line":22,"column":26},"end":{"line":22,"column":27}},"loc":{"start":{"line":22,"column":38},"end":{"line":22,"column":64}},"line":22}},"branchMap":{"0":{"loc":{"start":{"line":4,"column":2},"end":{"line":6,"column":3}},"type":"if","locations":[{"start":{"line":4,"column":2},"end":{"line":6,"column":3}},{"start":{"line":4,"column":2},"end":{"line":6,"column":3}}],"line":4},"1":{"loc":{"start":{"line":4,"column":5},"end":{"line":4,"column":56}},"type":"binary-expr","locations":[{"start":{"line":4,"column":5},"end":{"line":4,"column":16}},{"start":{"line":4,"column":20},"end":{"line":4,"column":34}},{"start":{"line":4,"column":38},"end":{"line":4,"column":56}}],"line":4},"2":{"loc":{"start":{"line":10,"column":16},"end":{"line":10,"column":33}},"type":"default-arg","locations":[{"start":{"line":10,"column":22},"end":{"line":10,"column":33}}],"line":10},"3":{"loc":{"start":{"line":12,"column":2},"end":{"line":27,"column":3}},"type":"switch","locations":[{"start":{"line":13,"column":4},"end":{"line":15,"column":32}},{"start":{"line":16,"column":4},"end":{"line":19,"column":55}},{"start":{"line":20,"column":4},"end":{"line":22,"column":65}},{"start":{"line":23,"column":4},"end":{"line":24,"column":24}},{"start":{"line":25,"column":4},"end":{"line":26,"column":18}}],"line":12},"4":{"loc":{"start":{"line":19,"column":8},"end":{"line":19,"column":54}},"type":"cond-expr","locations":[{"start":{"line":19,"column":36},"end":{"line":19,"column":43}},{"start":{"line":19,"column":46},"end":{"line":19,"column":54}}],"line":19}},"s":{"0":2,"1":6,"2":1,"3":2,"4":12,"5":12,"6":3,"7":3,"8":2,"9":1,"10":4,"11":1,"12":1,"13":4,"14":0,"15":6},"f":{"0":6,"1":12,"2":4,"3":4},"b":{"0":[1,5],"1":[6,6,5],"2":[5],"3":[3,2,1,0,6],"4":[1,3]},"_coverageSchema":"332fd63041d2c1bcb487cc26dd0d5f7d97098a6c","hash":"f82862d42baf76823c137d773f464ac41cfe2673"}
,"/Users/shellytang/mycode/react-duncan/react-demos/redux-kanban/src/reducer/index.js": {"path":"/Users/shellytang/mycode/react-duncan/react-demos/redux-kanban/src/reducer/index.js","statementMap":{},"fnMap":{},"branchMap":{},"s":{},"f":{},"b":{},"_coverageSchema":"332fd63041d2c1bcb487cc26dd0d5f7d97098a6c","hash":"0078b95e039bc3d37f05653b6f61893e78b1f9be"}
}
