{"/Users/shellytang/mycode/react-duncan/react-demos/redux-kanban/src/action/category-actions.js": {"path":"/Users/shellytang/mycode/react-duncan/react-demos/redux-kanban/src/action/category-actions.js","statementMap":{"0":{"start":{"line":8,"column":30},"end":{"line":15,"column":1}},"1":{"start":{"line":9,"column":2},"end":{"line":9,"column":22}},"2":{"start":{"line":10,"column":2},"end":{"line":10,"column":33}},"3":{"start":{"line":11,"column":2},"end":{"line":14,"column":3}},"4":{"start":{"line":17,"column":30},"end":{"line":20,"column":2}},"5":{"start":{"line":17,"column":45},"end":{"line":20,"column":1}},"6":{"start":{"line":22,"column":30},"end":{"line":25,"column":2}},"7":{"start":{"line":22,"column":45},"end":{"line":25,"column":1}},"8":{"start":{"line":27,"column":29},"end":{"line":27,"column":61}},"9":{"start":{"line":27,"column":36},"end":{"line":27,"column":60}}},"fnMap":{"0":{"name":"(anonymous_0)","decl":{"start":{"line":8,"column":30},"end":{"line":8,"column":31}},"loc":{"start":{"line":8,"column":44},"end":{"line":15,"column":1}},"line":8},"1":{"name":"(anonymous_1)","decl":{"start":{"line":17,"column":30},"end":{"line":17,"column":31}},"loc":{"start":{"line":17,"column":45},"end":{"line":20,"column":1}},"line":17},"2":{"name":"(anonymous_2)","decl":{"start":{"line":22,"column":30},"end":{"line":22,"column":31}},"loc":{"start":{"line":22,"column":45},"end":{"line":25,"column":1}},"line":22},"3":{"name":"(anonymous_3)","decl":{"start":{"line":27,"column":29},"end":{"line":27,"column":30}},"loc":{"start":{"line":27,"column":36},"end":{"line":27,"column":60}},"line":27}},"branchMap":{},"s":{"0":1,"1":1,"2":1,"3":1,"4":1,"5":1,"6":1,"7":1,"8":1,"9":0},"f":{"0":1,"1":1,"2":1,"3":0},"b":{},"_coverageSchema":"332fd63041d2c1bcb487cc26dd0d5f7d97098a6c","hash":"6700e266c9f8c201e8d5e40e97ada8cface54a82"}
,"/Users/shellytang/mycode/react-duncan/react-demos/redux-kanban/src/component/category-form/index.js": {"path":"/Users/shellytang/mycode/react-duncan/react-demos/redux-kanban/src/component/category-form/index.js","statementMap":{"0":{"start":{"line":5,"column":4},"end":{"line":5,"column":16}},"1":{"start":{"line":6,"column":4},"end":{"line":6,"column":68}},"2":{"start":{"line":8,"column":4},"end":{"line":8,"column":52}},"3":{"start":{"line":9,"column":4},"end":{"line":9,"column":52}},"4":{"start":{"line":14,"column":4},"end":{"line":16,"column":5}},"5":{"start":{"line":15,"column":6},"end":{"line":15,"column":35}},"6":{"start":{"line":20,"column":4},"end":{"line":20,"column":42}},"7":{"start":{"line":24,"column":4},"end":{"line":24,"column":22}},"8":{"start":{"line":25,"column":4},"end":{"line":25,"column":42}},"9":{"start":{"line":28,"column":4},"end":{"line":30,"column":5}},"10":{"start":{"line":29,"column":6},"end":{"line":29,"column":32}},"11":{"start":{"line":34,"column":4},"end":{"line":46,"column":5}}},"fnMap":{"0":{"name":"(anonymous_0)","decl":{"start":{"line":4,"column":2},"end":{"line":4,"column":3}},"loc":{"start":{"line":4,"column":20},"end":{"line":10,"column":3}},"line":4},"1":{"name":"(anonymous_1)","decl":{"start":{"line":13,"column":2},"end":{"line":13,"column":3}},"loc":{"start":{"line":13,"column":35},"end":{"line":17,"column":3}},"line":13},"2":{"name":"(anonymous_2)","decl":{"start":{"line":19,"column":2},"end":{"line":19,"column":3}},"loc":{"start":{"line":19,"column":17},"end":{"line":21,"column":3}},"line":19},"3":{"name":"(anonymous_3)","decl":{"start":{"line":23,"column":2},"end":{"line":23,"column":3}},"loc":{"start":{"line":23,"column":17},"end":{"line":31,"column":3}},"line":23},"4":{"name":"(anonymous_4)","decl":{"start":{"line":33,"column":2},"end":{"line":33,"column":3}},"loc":{"start":{"line":33,"column":10},"end":{"line":47,"column":3}},"line":33}},"branchMap":{"0":{"loc":{"start":{"line":6,"column":17},"end":{"line":6,"column":68}},"type":"cond-expr","locations":[{"start":{"line":6,"column":34},"end":{"line":6,"column":53}},{"start":{"line":6,"column":56},"end":{"line":6,"column":68}}],"line":6},"1":{"loc":{"start":{"line":14,"column":4},"end":{"line":16,"column":5}},"type":"if","locations":[{"start":{"line":14,"column":4},"end":{"line":16,"column":5}},{"start":{"line":14,"column":4},"end":{"line":16,"column":5}}],"line":14},"2":{"loc":{"start":{"line":28,"column":4},"end":{"line":30,"column":5}},"type":"if","locations":[{"start":{"line":28,"column":4},"end":{"line":30,"column":5}},{"start":{"line":28,"column":4},"end":{"line":30,"column":5}}],"line":28}},"s":{"0":2,"1":2,"2":2,"3":2,"4":0,"5":0,"6":1,"7":1,"8":1,"9":1,"10":1,"11":5},"f":{"0":2,"1":0,"2":1,"3":1,"4":5},"b":{"0":[0,2],"1":[0,0],"2":[1,0]},"_coverageSchema":"332fd63041d2c1bcb487cc26dd0d5f7d97098a6c","hash":"b860d6355ddca1b7be5f2949d9daa37e9d60a7fe"}
,"/Users/shellytang/mycode/react-duncan/react-demos/redux-kanban/src/reducer/category.js": {"path":"/Users/shellytang/mycode/react-duncan/react-demos/redux-kanban/src/reducer/category.js","statementMap":{"0":{"start":{"line":2,"column":18},"end":{"line":2,"column":20}},"1":{"start":{"line":4,"column":24},"end":{"line":4,"column":30}},"2":{"start":{"line":5,"column":2},"end":{"line":17,"column":3}},"3":{"start":{"line":7,"column":6},"end":{"line":7,"column":32}},"4":{"start":{"line":9,"column":6},"end":{"line":10,"column":55}},"5":{"start":{"line":10,"column":8},"end":{"line":10,"column":54}},"6":{"start":{"line":12,"column":6},"end":{"line":12,"column":65}},"7":{"start":{"line":12,"column":38},"end":{"line":12,"column":64}},"8":{"start":{"line":14,"column":6},"end":{"line":14,"column":24}},"9":{"start":{"line":16,"column":6},"end":{"line":16,"column":18}}},"fnMap":{"0":{"name":"(anonymous_0)","decl":{"start":{"line":3,"column":15},"end":{"line":3,"column":16}},"loc":{"start":{"line":3,"column":46},"end":{"line":18,"column":1}},"line":3},"1":{"name":"(anonymous_1)","decl":{"start":{"line":9,"column":23},"end":{"line":9,"column":24}},"loc":{"start":{"line":10,"column":8},"end":{"line":10,"column":54}},"line":10},"2":{"name":"(anonymous_2)","decl":{"start":{"line":12,"column":26},"end":{"line":12,"column":27}},"loc":{"start":{"line":12,"column":38},"end":{"line":12,"column":64}},"line":12}},"branchMap":{"0":{"loc":{"start":{"line":3,"column":16},"end":{"line":3,"column":33}},"type":"default-arg","locations":[{"start":{"line":3,"column":22},"end":{"line":3,"column":33}}],"line":3},"1":{"loc":{"start":{"line":5,"column":2},"end":{"line":17,"column":3}},"type":"switch","locations":[{"start":{"line":6,"column":4},"end":{"line":7,"column":32}},{"start":{"line":8,"column":4},"end":{"line":10,"column":55}},{"start":{"line":11,"column":4},"end":{"line":12,"column":65}},{"start":{"line":13,"column":4},"end":{"line":14,"column":24}},{"start":{"line":15,"column":4},"end":{"line":16,"column":18}}],"line":5},"2":{"loc":{"start":{"line":10,"column":8},"end":{"line":10,"column":54}},"type":"cond-expr","locations":[{"start":{"line":10,"column":36},"end":{"line":10,"column":43}},{"start":{"line":10,"column":46},"end":{"line":10,"column":54}}],"line":10}},"s":{"0":1,"1":6,"2":6,"3":2,"4":1,"5":4,"6":1,"7":4,"8":0,"9":2},"f":{"0":6,"1":4,"2":4},"b":{"0":[1],"1":[2,1,1,0,2],"2":[1,3]},"_coverageSchema":"332fd63041d2c1bcb487cc26dd0d5f7d97098a6c","hash":"4d7dc37338ad81042ab58aabf472dc0b0c89e062"}
}
