TN:
SF:/Users/shellytang/mycode/react-duncan/react-demos/redux-kanban/src/action/category-actions.js
FN:8,(anonymous_0)
FN:17,(anonymous_1)
FN:22,(anonymous_2)
FN:27,(anonymous_3)
FNF:4
FNH:3
FNDA:1,(anonymous_0)
FNDA:1,(anonymous_1)
FNDA:1,(anonymous_2)
FNDA:0,(anonymous_3)
DA:8,1
DA:9,1
DA:10,1
DA:11,1
DA:17,1
DA:22,1
DA:27,1
LF:7
LH:7
BRF:0
BRH:0
end_of_record
TN:
SF:/Users/shellytang/mycode/react-duncan/react-demos/redux-kanban/src/component/category-form/index.js
FN:4,(anonymous_0)
FN:13,(anonymous_1)
FN:19,(anonymous_2)
FN:23,(anonymous_3)
FN:33,(anonymous_4)
FNF:5
FNH:4
FNDA:2,(anonymous_0)
FNDA:0,(anonymous_1)
FNDA:1,(anonymous_2)
FNDA:1,(anonymous_3)
FNDA:5,(anonymous_4)
DA:5,2
DA:6,2
DA:8,2
DA:9,2
DA:14,0
DA:15,0
DA:20,1
DA:24,1
DA:25,1
DA:28,1
DA:29,1
DA:34,5
LF:12
LH:10
BRDA:6,0,0,0
BRDA:6,0,1,2
BRDA:14,1,0,0
BRDA:14,1,1,0
BRDA:28,2,0,1
BRDA:28,2,1,0
BRF:6
BRH:2
end_of_record
TN:
SF:/Users/shellytang/mycode/react-duncan/react-demos/redux-kanban/src/lib/redux-reporter.js
FN:1,(anonymous_0)
FN:1,(anonymous_1)
FN:1,(anonymous_2)
FNF:3
FNH:3
FNDA:2,(anonymous_0)
FNDA:2,(anonymous_1)
FNDA:3,(anonymous_2)
DA:1,2
DA:2,3
DA:4,3
DA:5,3
DA:6,2
DA:7,2
DA:9,1
DA:10,1
DA:11,1
LF:9
LH:9
BRF:0
BRH:0
end_of_record
TN:
SF:/Users/shellytang/mycode/react-duncan/react-demos/redux-kanban/src/reducer/category.js
FN:3,(anonymous_0)
FN:9,(anonymous_1)
FN:12,(anonymous_2)
FNF:3
FNH:3
FNDA:6,(anonymous_0)
FNDA:4,(anonymous_1)
FNDA:4,(anonymous_2)
DA:2,1
DA:4,6
DA:5,6
DA:7,2
DA:9,1
DA:10,4
DA:12,4
DA:14,0
DA:16,2
LF:9
LH:8
BRDA:3,0,0,1
BRDA:5,1,0,2
BRDA:5,1,1,1
BRDA:5,1,2,1
BRDA:5,1,3,0
BRDA:5,1,4,2
BRDA:10,2,0,1
BRDA:10,2,1,3
BRF:8
BRH:7
end_of_record
